host: Gabrielas-MacBook-Pro.local
Building DAG of jobs...
Using shell: /opt/homebrew/bin/bash
Provided cores: 1 (use --cores to define parallelism)
Rules claiming more threads will be scaled down.
Job stats:
job                count
---------------  -------
all                    1
covid_alignment        1
total                  2

Select jobs to execute...
Execute 1 jobs...

[Thu Sep 19 11:16:44 2024]
localrule covid_alignment:
    input: /Users/xdisga/Documents/Python_for_biologists/Alignments_COVID-main/Merged_fasta_files/combined.fasta
    output: /Users/xdisga/Documents/Python_for_biologists/Alignments_COVID-main/alignments_output.txt
    jobid: 1
    reason: Missing output files: /Users/xdisga/Documents/Python_for_biologists/Alignments_COVID-main/alignments_output.txt
    resources: tmpdir=/var/folders/c1/rrddrpk93nq3fjqn6bvw77th0000gn/T

[Thu Sep 19 11:18:14 2024]
Finished job 1.
1 of 2 steps (50%) done
Select jobs to execute...
Execute 1 jobs...

[Thu Sep 19 11:18:14 2024]
localrule all:
    input: /Users/xdisga/Documents/Python_for_biologists/Alignments_COVID-main/alignments_output.txt
    jobid: 0
    reason: Input files updated by another job: /Users/xdisga/Documents/Python_for_biologists/Alignments_COVID-main/alignments_output.txt
    resources: tmpdir=/var/folders/c1/rrddrpk93nq3fjqn6bvw77th0000gn/T

[Thu Sep 19 11:18:14 2024]
Finished job 0.
2 of 2 steps (100%) done
Complete log: .snakemake/log/2024-09-19T111644.562176.snakemake.log
