host: Gabrielas-MacBook-Pro.local
Building DAG of jobs...
Using shell: /opt/homebrew/bin/bash
Provided cores: 11
Rules claiming more threads will be scaled down.
Job stats:
job                     count
--------------------  -------
change_name_sequence        1
total                       1

Select jobs to execute...
Execute 1 jobs...

[Wed Sep 18 15:32:38 2024]
localrule change_name_sequence:
    input: /Users/xdisga/Documents/Python_for_biologists/Alignments_COVID-main/Sequences_Gensam_Ours/DC24000303.fa, /Users/xdisga/Documents/Python_for_biologists/Alignments_COVID-main/Sequences_Gensam_Ours/DC24000294.fa, /Users/xdisga/Documents/Python_for_biologists/Alignments_COVID-main/Sequences_Gensam_Ours/DC24000307.fa, /Users/xdisga/Documents/Python_for_biologists/Alignments_COVID-main/Sequences_Gensam_Ours/DC24000306.fa, /Users/xdisga/Documents/Python_for_biologists/Alignments_COVID-main/Sequences_Gensam_Ours/DC24000295.fa, /Users/xdisga/Documents/Python_for_biologists/Alignments_COVID-main/Sequences_Gensam_Ours/DC24000308.fa, /Users/xdisga/Documents/Python_for_biologists/Alignments_COVID-main/Sequences_Gensam_Ours/DC24000298.fa, /Users/xdisga/Documents/Python_for_biologists/Alignments_COVID-main/Sequences_Gensam_Ours/DC24000299.fa, /Users/xdisga/Documents/Python_for_biologists/Alignments_COVID-main/Sequences_Gensam_Ours/DC24000305.fa, /Users/xdisga/Documents/Python_for_biologists/Alignments_COVID-main/Sequences_Gensam_Ours/DC24000292.fa, /Users/xdisga/Documents/Python_for_biologists/Alignments_COVID-main/Sequences_Gensam_Ours/DC24000301.fa, /Users/xdisga/Documents/Python_for_biologists/Alignments_COVID-main/Sequences_Gensam_Ours/DC24000296.fa, /Users/xdisga/Documents/Python_for_biologists/Alignments_COVID-main/Sequences_Gensam_Ours/DC24000300.fa, /Users/xdisga/Documents/Python_for_biologists/Alignments_COVID-main/Sequences_Gensam_Ours/DC24000297.fa, /Users/xdisga/Documents/Python_for_biologists/Alignments_COVID-main/Sequences_Gensam_Ours/DC24000304.fa, /Users/xdisga/Documents/Python_for_biologists/Alignments_COVID-main/Sequences_Gensam_Ours/DC24000293.fa, /Users/xdisga/Documents/Python_for_biologists/Alignments_COVID-main/Sequences_Gensam_Ours/DC24000290_gensam.fasta, /Users/xdisga/Documents/Python_for_biologists/Alignments_COVID-main/Sequences_Gensam_Ours/DC24000291.fasta, /Users/xdisga/Documents/Python_for_biologists/Alignments_COVID-main/Sequences_Gensam_Ours/DC24000289_gensam.fasta, /Users/xdisga/Documents/Python_for_biologists/Alignments_COVID-main/Sequences_Gensam_Ours/DC24000306_gensam.fasta, /Users/xdisga/Documents/Python_for_biologists/Alignments_COVID-main/Sequences_Gensam_Ours/DC24000307_gensam.fasta, /Users/xdisga/Documents/Python_for_biologists/Alignments_COVID-main/Sequences_Gensam_Ours/DC24000290.fasta, /Users/xdisga/Documents/Python_for_biologists/Alignments_COVID-main/Sequences_Gensam_Ours/DC24000305_gensam.fasta, /Users/xdisga/Documents/Python_for_biologists/Alignments_COVID-main/Sequences_Gensam_Ours/DC24000304_gensam.fasta, /Users/xdisga/Documents/Python_for_biologists/Alignments_COVID-main/Sequences_Gensam_Ours/DC24000303_gensam.fasta, /Users/xdisga/Documents/Python_for_biologists/Alignments_COVID-main/Sequences_Gensam_Ours/DC24000293_gensam.fasta, /Users/xdisga/Documents/Python_for_biologists/Alignments_COVID-main/Sequences_Gensam_Ours/DC24000294_gensam.fasta, /Users/xdisga/Documents/Python_for_biologists/Alignments_COVID-main/Sequences_Gensam_Ours/DC24000308_gensam.fasta, /Users/xdisga/Documents/Python_for_biologists/Alignments_COVID-main/Sequences_Gensam_Ours/DC24000295_gensam.fasta
    output: /Users/xdisga/Documents/Python_for_biologists/Alignments_COVID-main/Sequences_Gensam_Ours/renaming_done.txt
    jobid: 0
    reason: Missing output files: /Users/xdisga/Documents/Python_for_biologists/Alignments_COVID-main/Sequences_Gensam_Ours/renaming_done.txt
    resources: tmpdir=/var/folders/c1/rrddrpk93nq3fjqn6bvw77th0000gn/T

[Wed Sep 18 15:32:38 2024]
Finished job 0.
1 of 1 steps (100%) done
Complete log: .snakemake/log/2024-09-18T153238.576091.snakemake.log
